<mule xmlns="http://www.mulesoft.org/schema/mule/core" 
    xmlns:xsi="http://www.w3.org/2001/XMLSchema-instance" 
    xmlns:secretsmanager="http://www.mulesoft.org/schema/mule/secretsmanager" xsi:schemaLocation="http://www.mulesoft.org/schema/mule/core http://www.mulesoft.org/schema/mule/core/current/mule.xsd
          http://www.mulesoft.org/schema/mule/secretsmanager http://www.mulesoft.org/schema/mule/secretsmanager/current/mule-secretsmanager.xsd">

    <secretsmanager:config name="config" prefix="prefix" />

    <flow name="getSecretsFlow">
        <secretsmanager:get-secret-value keyName="key" config-ref="config" />
    </flow>
</mule>
