<mule xmlns="http://www.mulesoft.org/schema/mule/core" 
    xmlns:xsi="http://www.w3.org/2001/XMLSchema-instance" 
    xmlns:secrets-manager="http://www.mulesoft.org/schema/mule/secrets-manager" xsi:schemaLocation="http://www.mulesoft.org/schema/mule/core http://www.mulesoft.org/schema/mule/core/current/mule.xsd
          http://www.mulesoft.org/schema/mule/secrets-manager http://www.mulesoft.org/schema/mule/secrets-manager/current/mule-secrets-manager.xsd">

    <secrets-manager:config name="config" prefix="prefix" />

    <flow name="getSecretsFlow">
        <secrets-manager:get-secret-value keyName="key" config-ref="config" />
    </flow>
</mule>
